<?xml version="1.0" encoding="UTF-8"?>
<testsuite xmlns:xsi="http://www.w3.org/2001/XMLSchema-instance" xsi:noNamespaceSchemaLocation="https://maven.apache.org/surefire/maven-surefire-plugin/xsd/surefire-test-report.xsd" version="3.0.2" name="com.example.TeamAppDemo.Entity.DriverEntityTest" time="8.861" tests="0" errors="0" skipped="0" failures="0">
  <properties>
[...]
</properties>
  <testcase name="lastNameTooLong_fails(int)[1]" classname="com.example.TeamAppDemo.Entity.DriverEntityTest" time="0.192">
    <system-out><![CDATA[2026-02-03T23:25:25.831+05:30  INFO 29388 --- [           main] t.c.s.AnnotationConfigContextLoaderUtils : Could not detect default configuration classes for test class [com.example.TeamAppDemo.Entity.DriverEntityTest]: DriverEntityTest does not declare any static, non-private, non-final, nested classes annotated with @Configuration.
2026-02-03T23:25:25.891+05:30  INFO 29388 --- [           main] .b.t.c.SpringBootTestContextBootstrapper : Found @SpringBootConfiguration com.example.TeamAppDemo.TeamAppDemoApplication for test class com.example.TeamAppDemo.Entity.DriverEntityTest
2026-02-03T23:25:25.951+05:30  INFO 29388 --- [           main] o.s.b.d.r.RestartApplicationListener     : Restart disabled due to context in which it is running

  .   ____          _            __ _ _
 /\\ / ___'_ __ _ _(_)_ __  __ _ \ \ \ \
( ( )\___ | '_ | '_| | '_ \/ _` | \ \ \ \
 \\/  ___)| |_)| | | | | || (_| |  ) ) ) )
  '  |____| .__|_| |_|_| |_\__, | / / / /
 =========|_|==============|___/=/_/_/_/

 :: Spring Boot ::                (v3.5.8)

2026-02-03T23:25:25.994+05:30  INFO 29388 --- [           main] c.e.TeamAppDemo.Entity.DriverEntityTest  : Starting DriverEntityTest using Java 17.0.11 with PID 29388 (started by gpoojava in C:\dev\TeamAppDemo\TeamAppDemo)
2026-02-03T23:25:25.994+05:30  INFO 29388 --- [           main] c.e.TeamAppDemo.Entity.DriverEntityTest  : No active profile set, falling back to 1 default profile: "default"
2026-02-03T23:25:26.436+05:30  INFO 29388 --- [           main] .s.d.r.c.RepositoryConfigurationDelegate : Bootstrapping Spring Data JPA repositories in DEFAULT mode.
2026-02-03T23:25:26.564+05:30  INFO 29388 --- [           main] .s.d.r.c.RepositoryConfigurationDelegate : Finished Spring Data repository scanning in 104 ms. Found 4 JPA repository interfaces.
2026-02-03T23:25:26.747+05:30  INFO 29388 --- [           main] beddedDataSourceBeanFactoryPostProcessor : Replacing 'dataSource' DataSource bean with embedded version
2026-02-03T23:25:26.887+05:30  INFO 29388 --- [           main] o.s.j.d.e.EmbeddedDatabaseFactory        : Starting embedded database: url='jdbc:h2:mem:1287ce31-73da-41bc-bf53-b4e4ef8358ec;DB_CLOSE_DELAY=-1;DB_CLOSE_ON_EXIT=false', username='sa'
2026-02-03T23:25:27.826+05:30  INFO 29388 --- [           main] o.hibernate.jpa.internal.util.LogHelper  : HHH000204: Processing PersistenceUnitInfo [name: default]
2026-02-03T23:25:28.036+05:30  INFO 29388 --- [           main] org.hibernate.Version                    : HHH000412: Hibernate ORM core version 6.6.36.Final
2026-02-03T23:25:28.152+05:30  INFO 29388 --- [           main] o.h.c.internal.RegionFactoryInitiator    : HHH000026: Second-level cache disabled
2026-02-03T23:25:28.630+05:30  INFO 29388 --- [           main] o.s.o.j.p.SpringPersistenceUnitInfo      : No LoadTimeWeaver setup: ignoring JPA class transformer
2026-02-03T23:25:28.984+05:30  INFO 29388 --- [           main] org.hibernate.orm.connections.pooling    : HHH10001005: Database info:
	Database JDBC URL [Connecting through datasource 'org.springframework.jdbc.datasource.embedded.EmbeddedDatabaseFactory$EmbeddedDataSourceProxy@21a5a8f2']
	Database driver: undefined/unknown
	Database version: 2.3.232
	Autocommit mode: undefined/unknown
	Isolation level: undefined/unknown
	Minimum pool size: undefined/unknown
	Maximum pool size: undefined/unknown
2026-02-03T23:25:31.849+05:30  INFO 29388 --- [           main] o.h.e.t.j.p.i.JtaPlatformInitiator       : HHH000489: No JTA platform available (set 'hibernate.transaction.jta.platform' to enable JTA platform integration)
Hibernate: 
    create table driver_race (
        registered_at timestamp(6) with time zone not null,
        driver_id bigint not null,
        race_id bigint not null,
        primary key (driver_id, race_id)
    )
Hibernate: 
    create table drivers (
        id bigint generated by default as identity,
        date_of_birth date not null,
        first_name varchar(96) not null,
        last_name varchar(96) not null,
        team_id bigint,
        primary key (id)
    )
Hibernate: 
    create table races (
        id bigint generated by default as identity,
        city varchar(128) not null,
        country varchar(128) not null,
        race_date date not null,
        registration_closure_date date,
        track_name varchar(256) not null,
        primary key (id)
    )
Hibernate: 
    create table teams (
        id bigint generated by default as identity,
        city varchar(128) not null,
        country varchar(128) not null,
        description varchar(1024),
        logo blob not null,
        name varchar(256) not null,
        primary key (id)
    )
Hibernate: 
    alter table if exists races 
       drop constraint if exists uk_race_track_name
Hibernate: 
    alter table if exists races 
       add constraint uk_race_track_name unique (track_name)
Hibernate: 
    alter table if exists teams 
       drop constraint if exists uk_team_name
Hibernate: 
    alter table if exists teams 
       add constraint uk_team_name unique (name)
Hibernate: 
    alter table if exists driver_race 
       add constraint FK99gtw6rfujphydvpjsog2ftqv 
       foreign key (driver_id) 
       references drivers
Hibernate: 
    alter table if exists driver_race 
       add constraint FK2a6oflifewy4jjt95ykoj2cbl 
       foreign key (race_id) 
       references races
Hibernate: 
    alter table if exists drivers 
       add constraint FKcay8hmpefrncg4apmusc0mkth 
       foreign key (team_id) 
       references teams
2026-02-03T23:25:32.116+05:30  INFO 29388 --- [           main] j.LocalContainerEntityManagerFactoryBean : Initialized JPA EntityManagerFactory for persistence unit 'default'
2026-02-03T23:25:33.087+05:30  INFO 29388 --- [           main] c.e.TeamAppDemo.Entity.DriverEntityTest  : Started DriverEntityTest in 7.136 seconds (process running for 24.997)
Hibernate: 
    insert 
    into
        drivers
        (date_of_birth, first_name, last_name, team_id, id) 
    values
        (?, ?, ?, ?, default)
2026-02-03T23:25:33.244+05:30  WARN 29388 --- [           main] o.h.engine.jdbc.spi.SqlExceptionHelper   : SQL Error: 22001, SQLState: 22001
2026-02-03T23:25:33.244+05:30 ERROR 29388 --- [           main] o.h.engine.jdbc.spi.SqlExceptionHelper   : Value too long for column "LAST_NAME CHARACTER VARYING(96)": "'XXXXXXXXXXXXXXXXXXXXXXXXXXXXXXXXXXXXXXXXXXXXXXXXXXXXXXXXXXXXXXXXXXXXXXXXXXXXXXX... (97)"; SQL statement:
insert into drivers (date_of_birth,first_name,last_name,team_id,id) values (?,?,?,?,default) [22001-232]
]]></system-out>
  </testcase>
  <testcase name="lastNameTooLong_fails(int)[2]" classname="com.example.TeamAppDemo.Entity.DriverEntityTest" time="0.009">
    <system-out><![CDATA[Hibernate: 
    insert 
    into
        drivers
        (date_of_birth, first_name, last_name, team_id, id) 
    values
        (?, ?, ?, ?, default)
2026-02-03T23:25:33.285+05:30  WARN 29388 --- [           main] o.h.engine.jdbc.spi.SqlExceptionHelper   : SQL Error: 22001, SQLState: 22001
2026-02-03T23:25:33.285+05:30 ERROR 29388 --- [           main] o.h.engine.jdbc.spi.SqlExceptionHelper   : Value too long for column "LAST_NAME CHARACTER VARYING(96)": "'XXXXXXXXXXXXXXXXXXXXXXXXXXXXXXXXXXXXXXXXXXXXXXXXXXXXXXXXXXXXXXXXXXXXXXXXXXXXXXX... (150)"; SQL statement:
insert into drivers (date_of_birth,first_name,last_name,team_id,id) values (?,?,?,?,default) [22001-232]
]]></system-out>
  </testcase>
  <testcase name="requiredColumnsMustNotBeNull" classname="com.example.TeamAppDemo.Entity.DriverEntityTest" time="0.016">
    <system-out><![CDATA[Hibernate: 
    insert 
    into
        drivers
        (date_of_birth, first_name, last_name, team_id, id) 
    values
        (?, ?, ?, ?, default)
2026-02-03T23:25:33.291+05:30  WARN 29388 --- [           main] o.h.engine.jdbc.spi.SqlExceptionHelper   : SQL Error: 23502, SQLState: 23502
2026-02-03T23:25:33.291+05:30 ERROR 29388 --- [           main] o.h.engine.jdbc.spi.SqlExceptionHelper   : NULL not allowed for column "DATE_OF_BIRTH"; SQL statement:
insert into drivers (date_of_birth,first_name,last_name,team_id,id) values (?,?,?,?,default) [23502-232]
]]></system-out>
  </testcase>
  <testcase name="persistDriver_ok" classname="com.example.TeamAppDemo.Entity.DriverEntityTest" time="0.144">
    <system-out><![CDATA[Hibernate: 
    insert 
    into
        drivers
        (date_of_birth, first_name, last_name, team_id, id) 
    values
        (?, ?, ?, ?, default)
]]></system-out>
  </testcase>
  <testcase name="driverBelongsToTeam_mappingWorks" classname="com.example.TeamAppDemo.Entity.DriverEntityTest" time="0.109">
    <system-out><![CDATA[Hibernate: 
    insert 
    into
        teams
        (city, country, description, logo, name, id) 
    values
        (?, ?, ?, ?, ?, default)
Hibernate: 
    insert 
    into
        drivers
        (date_of_birth, first_name, last_name, team_id, id) 
    values
        (?, ?, ?, ?, default)
Hibernate: 
    select
        d1_0.id,
        d1_0.date_of_birth,
        d1_0.first_name,
        d1_0.last_name,
        d1_0.team_id 
    from
        drivers d1_0 
    where
        d1_0.id=?
]]></system-out>
  </testcase>
  <testcase name="firstNameTooLong_fails(int)[1]" classname="com.example.TeamAppDemo.Entity.DriverEntityTest" time="0.014">
    <system-out><![CDATA[Hibernate: 
    insert 
    into
        drivers
        (date_of_birth, first_name, last_name, team_id, id) 
    values
        (?, ?, ?, ?, default)
2026-02-03T23:25:33.570+05:30  WARN 29388 --- [           main] o.h.engine.jdbc.spi.SqlExceptionHelper   : SQL Error: 22001, SQLState: 22001
2026-02-03T23:25:33.571+05:30 ERROR 29388 --- [           main] o.h.engine.jdbc.spi.SqlExceptionHelper   : Value too long for column "FIRST_NAME CHARACTER VARYING(96)": "'XXXXXXXXXXXXXXXXXXXXXXXXXXXXXXXXXXXXXXXXXXXXXXXXXXXXXXXXXXXXXXXXXXXXXXXXXXXXXXX... (97)"; SQL statement:
insert into drivers (date_of_birth,first_name,last_name,team_id,id) values (?,?,?,?,default) [22001-232]
]]></system-out>
  </testcase>
  <testcase name="firstNameTooLong_fails(int)[2]" classname="com.example.TeamAppDemo.Entity.DriverEntityTest" time="0.016">
    <system-out><![CDATA[Hibernate: 
    insert 
    into
        drivers
        (date_of_birth, first_name, last_name, team_id, id) 
    values
        (?, ?, ?, ?, default)
2026-02-03T23:25:33.592+05:30  WARN 29388 --- [           main] o.h.engine.jdbc.spi.SqlExceptionHelper   : SQL Error: 22001, SQLState: 22001
2026-02-03T23:25:33.592+05:30 ERROR 29388 --- [           main] o.h.engine.jdbc.spi.SqlExceptionHelper   : Value too long for column "FIRST_NAME CHARACTER VARYING(96)": "'XXXXXXXXXXXXXXXXXXXXXXXXXXXXXXXXXXXXXXXXXXXXXXXXXXXXXXXXXXXXXXXXXXXXXXXXXXXXXXX... (120)"; SQL statement:
insert into drivers (date_of_birth,first_name,last_name,team_id,id) values (?,?,?,?,default) [22001-232]
]]></system-out>
  </testcase>
  <testcase name="mapsId_setsCompositeId_andRegisteredAtIsNotNull" classname="com.example.TeamAppDemo.Entity.DriverEntityTest$DriverRaceMappingFromDriverSide" time="0.856">
    <system-out><![CDATA[2026-02-03T23:25:33.607+05:30  INFO 29388 --- [           main] t.c.s.AnnotationConfigContextLoaderUtils : Could not detect default configuration classes for test class [com.example.TeamAppDemo.Entity.DriverEntityTest$DriverRaceMappingFromDriverSide]: DriverRaceMappingFromDriverSide does not declare any static, non-private, non-final, nested classes annotated with @Configuration.
2026-02-03T23:25:33.623+05:30  INFO 29388 --- [           main] .b.t.c.SpringBootTestContextBootstrapper : Found @SpringBootConfiguration com.example.TeamAppDemo.TeamAppDemoApplication for test class com.example.TeamAppDemo.Entity.DriverEntityTest$DriverRaceMappingFromDriverSide
Hibernate: 
    insert 
    into
        races
        (city, country, race_date, registration_closure_date, track_name, id) 
    values
        (?, ?, ?, ?, ?, default)
Hibernate: 
    insert 
    into
        drivers
        (date_of_birth, first_name, last_name, team_id, id) 
    values
        (?, ?, ?, ?, default)
Hibernate: 
    insert 
    into
        driver_race
        (registered_at, driver_id, race_id) 
    values
        (?, ?, ?)
Hibernate: 
    select
        dr1_0.driver_id,
        dr1_0.race_id,
        dr1_0.registered_at 
    from
        driver_race dr1_0 
    join
        races r1_0 
            on r1_0.id=dr1_0.race_id 
    where
        r1_0.track_name=?
]]></system-out>
  </testcase>
  <testcase name="deletingDriver_cascadesDeleteToJoinRows" classname="com.example.TeamAppDemo.Entity.DriverEntityTest$DriverRaceMappingFromDriverSide" time="0.111">
    <system-out><![CDATA[Hibernate: 
    insert 
    into
        races
        (city, country, race_date, registration_closure_date, track_name, id) 
    values
        (?, ?, ?, ?, ?, default)
Hibernate: 
    insert 
    into
        drivers
        (date_of_birth, first_name, last_name, team_id, id) 
    values
        (?, ?, ?, ?, default)
Hibernate: 
    insert 
    into
        driver_race
        (registered_at, driver_id, race_id) 
    values
        (?, ?, ?)
Hibernate: 
    delete 
    from
        driver_race 
    where
        driver_id=? 
        and race_id=?
Hibernate: 
    delete 
    from
        drivers 
    where
        id=?
Hibernate: 
    select
        count(*) 
    from
        driver_race dr1_0
]]></system-out>
  </testcase>
  <testcase name="cascadePersist_driverRaces_savedWhenDriverIsSaved" classname="com.example.TeamAppDemo.Entity.DriverEntityTest$DriverRaceMappingFromDriverSide" time="0.034">
    <system-out><![CDATA[Hibernate: 
    insert 
    into
        races
        (city, country, race_date, registration_closure_date, track_name, id) 
    values
        (?, ?, ?, ?, ?, default)
Hibernate: 
    insert 
    into
        races
        (city, country, race_date, registration_closure_date, track_name, id) 
    values
        (?, ?, ?, ?, ?, default)
Hibernate: 
    insert 
    into
        drivers
        (date_of_birth, first_name, last_name, team_id, id) 
    values
        (?, ?, ?, ?, default)
Hibernate: 
    insert 
    into
        driver_race
        (registered_at, driver_id, race_id) 
    values
        (?, ?, ?)
Hibernate: 
    insert 
    into
        driver_race
        (registered_at, driver_id, race_id) 
    values
        (?, ?, ?)
Hibernate: 
    select
        count(*) 
    from
        driver_race dr1_0
]]></system-out>
  </testcase>
  <testcase name="orphanRemoval_removingJoinFromDriversSet_deletesRow" classname="com.example.TeamAppDemo.Entity.DriverEntityTest$DriverRaceMappingFromDriverSide" time="0.021">
    <system-out><![CDATA[Hibernate: 
    insert 
    into
        races
        (city, country, race_date, registration_closure_date, track_name, id) 
    values
        (?, ?, ?, ?, ?, default)
Hibernate: 
    insert 
    into
        drivers
        (date_of_birth, first_name, last_name, team_id, id) 
    values
        (?, ?, ?, ?, default)
Hibernate: 
    insert 
    into
        driver_race
        (registered_at, driver_id, race_id) 
    values
        (?, ?, ?)
Hibernate: 
    delete 
    from
        driver_race 
    where
        driver_id=? 
        and race_id=?
Hibernate: 
    select
        count(*) 
    from
        driver_race dr1_0
]]></system-out>
  </testcase>
  <testcase name="duplicateDriverRaceForSamePair_violatesCompositePk" classname="com.example.TeamAppDemo.Entity.DriverEntityTest$DriverRaceMappingFromDriverSide" time="0.021">
    <system-out><![CDATA[Hibernate: 
    insert 
    into
        races
        (city, country, race_date, registration_closure_date, track_name, id) 
    values
        (?, ?, ?, ?, ?, default)
Hibernate: 
    insert 
    into
        drivers
        (date_of_birth, first_name, last_name, team_id, id) 
    values
        (?, ?, ?, ?, default)
Hibernate: 
    insert 
    into
        driver_race
        (registered_at, driver_id, race_id) 
    values
        (?, ?, ?)
Hibernate: 
    insert 
    into
        driver_race
        (registered_at, driver_id, race_id) 
    values
        (?, ?, ?)
2026-02-03T23:25:34.682+05:30  WARN 29388 --- [           main] o.h.engine.jdbc.spi.SqlExceptionHelper   : SQL Error: 23505, SQLState: 23505
2026-02-03T23:25:34.682+05:30 ERROR 29388 --- [           main] o.h.engine.jdbc.spi.SqlExceptionHelper   : Unique index or primary key violation: "PUBLIC.PRIMARY_KEY_C ON PUBLIC.DRIVER_RACE(DRIVER_ID, RACE_ID) VALUES ( /* key:6 */ CAST(12 AS BIGINT), CAST(6 AS BIGINT))"; SQL statement:
insert into driver_race (registered_at,driver_id,race_id) values (?,?,?) [23505-232]
]]></system-out>
  </testcase>
</testsuite>